<?xml version="1.0" encoding="UTF-8"?>
<!-- Generated by org.testng.reporters.JUnitReportReporter -->
<testsuite hostname="MAM-PC" failures="0" tests="1" name="testCase.TC001_AccoutRegistrationTest" time="2.455" errors="0" timestamp="2024-10-10T16:19:53 MST" skipped="0">
  <testcase classname="testCase.TC001_AccoutRegistrationTest" name="verify_acc_registration" time="2.455"/>
</testsuite> <!-- testCase.TC001_AccoutRegistrationTest -->
