<?xml version="1.0" encoding="UTF-8"?>
<!-- Generated by org.testng.reporters.JUnitReportReporter -->
<testsuite hostname="MAM-PC" failures="0" tests="1" name="testCase.TC002_LoginTest" time="1.653" errors="0" timestamp="2024-10-10T20:19:22 MST" skipped="0">
  <testcase classname="testCase.TC002_LoginTest" name="verify_login" time="1.653"/>
</testsuite> <!-- testCase.TC002_LoginTest -->
