<?xml version="1.0" encoding="UTF-8"?>
<!-- Generated by org.testng.reporters.JUnitReportReporter -->
<testsuite hostname="MAM-PC" failures="0" tests="6" name="testCase.TC003_LoginDDT" time="40.987" errors="0" timestamp="2024-10-10T22:05:21 MST" skipped="0">
  <testcase classname="testCase.TC003_LoginDDT" name="verify_loginDDT" time="11.181"/>
  <testcase classname="testCase.TC003_LoginDDT" name="verify_loginDDT" time="2.612"/>
  <testcase classname="testCase.TC003_LoginDDT" name="verify_loginDDT" time="2.234"/>
  <testcase classname="testCase.TC003_LoginDDT" name="verify_loginDDT" time="11.321"/>
  <testcase classname="testCase.TC003_LoginDDT" name="verify_loginDDT" time="11.141"/>
  <testcase classname="testCase.TC003_LoginDDT" name="verify_loginDDT" time="2.498"/>
</testsuite> <!-- testCase.TC003_LoginDDT -->
